c:\users\maverick\source\repos\lowlevelprogramming_assignment\raytraceapplication\raytraceapplication\x64\debug\vc140.pdb
c:\users\maverick\source\repos\lowlevelprogramming_assignment\raytraceapplication\raytraceapplication\x64\debug\vc140.idb
c:\users\maverick\source\repos\lowlevelprogramming_assignment\raytraceapplication\raytraceapplication\x64\debug\main.obj
c:\users\maverick\source\repos\lowlevelprogramming_assignment\raytraceapplication\raytraceapplication\x64\debug\rtaparameters.obj
c:\users\maverick\source\repos\lowlevelprogramming_assignment\raytraceapplication\raytraceapplication\x64\debug\backendapplication.obj
c:\users\maverick\source\repos\lowlevelprogramming_assignment\raytraceapplication\raytraceapplication\x64\debug\vector3.obj
c:\users\maverick\source\repos\lowlevelprogramming_assignment\raytraceapplication\raytraceapplication\x64\debug\memorypool.obj
c:\users\maverick\source\repos\lowlevelprogramming_assignment\raytraceapplication\raytraceapplication\x64\debug\memorypoolmanager.obj
c:\users\maverick\source\repos\lowlevelprogramming_assignment\raytraceapplication\raytraceapplication\x64\debug\floor.obj
c:\users\maverick\source\repos\lowlevelprogramming_assignment\raytraceapplication\raytraceapplication\x64\debug\sphere.obj
c:\users\maverick\source\repos\lowlevelprogramming_assignment\raytraceapplication\raytraceapplication\x64\debug\boundingbox.obj
c:\users\maverick\source\repos\lowlevelprogramming_assignment\raytraceapplication\raytraceapplication\x64\debug\boundingsphere.obj
c:\users\maverick\source\repos\lowlevelprogramming_assignment\raytraceapplication\raytraceapplication\x64\debug\collisions.obj
c:\users\maverick\source\repos\lowlevelprogramming_assignment\raytraceapplication\raytraceapplication\x64\debug\octree.obj
c:\users\maverick\source\repos\lowlevelprogramming_assignment\raytraceapplication\raytraceapplication\x64\debug\physics.obj
c:\users\maverick\source\repos\lowlevelprogramming_assignment\raytraceapplication\raytraceapplication\x64\debug\rendering.obj
c:\users\maverick\source\repos\lowlevelprogramming_assignment\raytraceapplication\raytraceapplication\x64\debug\tracing.obj
c:\users\maverick\source\repos\lowlevelprogramming_assignment\raytraceapplication\raytraceapplication\x64\debug\ffmpegutility.obj
c:\users\maverick\source\repos\lowlevelprogramming_assignment\raytraceapplication\raytraceapplication\x64\debug\methodprofiler.obj
c:\users\maverick\source\repos\lowlevelprogramming_assignment\raytraceapplication\raytraceapplication\x64\debug\timer.obj
c:\users\maverick\source\repos\lowlevelprogramming_assignment\raytraceapplication\raytraceapplication\x64\debug\timerll.obj
c:\users\maverick\source\repos\lowlevelprogramming_assignment\raytraceapplication\raytraceapplication\x64\debug\timermanager.obj
c:\users\maverick\source\repos\lowlevelprogramming_assignment\raytraceapplication\x64\debug\raytraceapplication_debug.ilk
c:\users\maverick\source\repos\lowlevelprogramming_assignment\raytraceapplication\x64\debug\raytraceapplication_debug.exe
c:\users\maverick\source\repos\lowlevelprogramming_assignment\raytraceapplication\x64\debug\raytraceapplication_debug.pdb
c:\users\maverick\source\repos\lowlevelprogramming_assignment\raytraceapplication\raytraceapplication\x64\debug\raytrace.9e37afa8.tlog\cl.command.1.tlog
c:\users\maverick\source\repos\lowlevelprogramming_assignment\raytraceapplication\raytraceapplication\x64\debug\raytrace.9e37afa8.tlog\cl.read.1.tlog
c:\users\maverick\source\repos\lowlevelprogramming_assignment\raytraceapplication\raytraceapplication\x64\debug\raytrace.9e37afa8.tlog\cl.write.1.tlog
c:\users\maverick\source\repos\lowlevelprogramming_assignment\raytraceapplication\raytraceapplication\x64\debug\raytrace.9e37afa8.tlog\link.command.1.tlog
c:\users\maverick\source\repos\lowlevelprogramming_assignment\raytraceapplication\raytraceapplication\x64\debug\raytrace.9e37afa8.tlog\link.read.1.tlog
c:\users\maverick\source\repos\lowlevelprogramming_assignment\raytraceapplication\raytraceapplication\x64\debug\raytrace.9e37afa8.tlog\link.write.1.tlog
