c:\users\maverick\source\repos\lowlevelprogramming_assignment\raytraceapplication\raytraceapplication\debug_oy\vc140.pdb
c:\users\maverick\source\repos\lowlevelprogramming_assignment\raytraceapplication\raytraceapplication\debug_oy\vc140.idb
c:\users\maverick\source\repos\lowlevelprogramming_assignment\raytraceapplication\raytraceapplication\debug_oy\main.obj
c:\users\maverick\source\repos\lowlevelprogramming_assignment\raytraceapplication\raytraceapplication\debug_oy\rtaparameters.obj
c:\users\maverick\source\repos\lowlevelprogramming_assignment\raytraceapplication\raytraceapplication\debug_oy\backendapplication.obj
c:\users\maverick\source\repos\lowlevelprogramming_assignment\raytraceapplication\raytraceapplication\debug_oy\vector3.obj
c:\users\maverick\source\repos\lowlevelprogramming_assignment\raytraceapplication\raytraceapplication\debug_oy\memorypool.obj
c:\users\maverick\source\repos\lowlevelprogramming_assignment\raytraceapplication\raytraceapplication\debug_oy\memorypoolmanager.obj
c:\users\maverick\source\repos\lowlevelprogramming_assignment\raytraceapplication\raytraceapplication\debug_oy\floor.obj
c:\users\maverick\source\repos\lowlevelprogramming_assignment\raytraceapplication\raytraceapplication\debug_oy\sphere.obj
c:\users\maverick\source\repos\lowlevelprogramming_assignment\raytraceapplication\raytraceapplication\debug_oy\boundingbox.obj
c:\users\maverick\source\repos\lowlevelprogramming_assignment\raytraceapplication\raytraceapplication\debug_oy\boundingsphere.obj
c:\users\maverick\source\repos\lowlevelprogramming_assignment\raytraceapplication\raytraceapplication\debug_oy\collisions.obj
c:\users\maverick\source\repos\lowlevelprogramming_assignment\raytraceapplication\raytraceapplication\debug_oy\octree.obj
c:\users\maverick\source\repos\lowlevelprogramming_assignment\raytraceapplication\raytraceapplication\debug_oy\physics.obj
c:\users\maverick\source\repos\lowlevelprogramming_assignment\raytraceapplication\raytraceapplication\debug_oy\rendering.obj
c:\users\maverick\source\repos\lowlevelprogramming_assignment\raytraceapplication\raytraceapplication\debug_oy\tracing.obj
c:\users\maverick\source\repos\lowlevelprogramming_assignment\raytraceapplication\raytraceapplication\debug_oy\ffmpegutility.obj
c:\users\maverick\source\repos\lowlevelprogramming_assignment\raytraceapplication\raytraceapplication\debug_oy\methodprofiler.obj
c:\users\maverick\source\repos\lowlevelprogramming_assignment\raytraceapplication\raytraceapplication\debug_oy\timer.obj
c:\users\maverick\source\repos\lowlevelprogramming_assignment\raytraceapplication\raytraceapplication\debug_oy\timerll.obj
c:\users\maverick\source\repos\lowlevelprogramming_assignment\raytraceapplication\raytraceapplication\debug_oy\timermanager.obj
c:\users\maverick\source\repos\lowlevelprogramming_assignment\raytraceapplication\debug_oy\raytraceapplication_debug_oy.ilk
c:\users\maverick\source\repos\lowlevelprogramming_assignment\raytraceapplication\debug_oy\raytraceapplication_debug_oy.exe
c:\users\maverick\source\repos\lowlevelprogramming_assignment\raytraceapplication\debug_oy\raytraceapplication_debug_oy.pdb
c:\users\maverick\source\repos\lowlevelprogramming_assignment\raytraceapplication\raytraceapplication\debug_oy\raytrace.9e37afa8.tlog\cl.command.1.tlog
c:\users\maverick\source\repos\lowlevelprogramming_assignment\raytraceapplication\raytraceapplication\debug_oy\raytrace.9e37afa8.tlog\cl.read.1.tlog
c:\users\maverick\source\repos\lowlevelprogramming_assignment\raytraceapplication\raytraceapplication\debug_oy\raytrace.9e37afa8.tlog\cl.write.1.tlog
c:\users\maverick\source\repos\lowlevelprogramming_assignment\raytraceapplication\raytraceapplication\debug_oy\raytrace.9e37afa8.tlog\link.command.1.tlog
c:\users\maverick\source\repos\lowlevelprogramming_assignment\raytraceapplication\raytraceapplication\debug_oy\raytrace.9e37afa8.tlog\link.read.1.tlog
c:\users\maverick\source\repos\lowlevelprogramming_assignment\raytraceapplication\raytraceapplication\debug_oy\raytrace.9e37afa8.tlog\link.write.1.tlog
