  main.cpp
c:\users\maverick\source\repos\lowlevelprogramming_assignment\raytraceapplication\raytraceapplication\main.cpp(116): warning C4305: 'argument': truncation from 'double' to 'float'
c:\users\maverick\source\repos\lowlevelprogramming_assignment\raytraceapplication\raytraceapplication\main.cpp(117): warning C4305: 'argument': truncation from 'double' to 'float'
c:\users\maverick\source\repos\lowlevelprogramming_assignment\raytraceapplication\raytraceapplication\main.cpp(118): warning C4305: 'argument': truncation from 'double' to 'float'
c:\users\maverick\source\repos\lowlevelprogramming_assignment\raytraceapplication\raytraceapplication\main.cpp(119): warning C4305: 'argument': truncation from 'double' to 'float'
c:\users\maverick\source\repos\lowlevelprogramming_assignment\raytraceapplication\raytraceapplication\main.cpp(121): warning C4244: 'argument': conversion from 'float' to 'int', possible loss of data
c:\users\maverick\source\repos\lowlevelprogramming_assignment\raytraceapplication\raytraceapplication\main.cpp(122): warning C4244: 'argument': conversion from 'float' to 'int', possible loss of data
  Rendering.cpp
c:\users\maverick\source\repos\lowlevelprogramming_assignment\raytraceapplication\raytraceapplication\_rendering\rendering.cpp(37): warning C4244: 'initializing': conversion from 'double' to 'float', possible loss of data
c:\users\maverick\source\repos\lowlevelprogramming_assignment\raytraceapplication\raytraceapplication\_rendering\rendering.cpp(44): warning C4244: 'initializing': conversion from 'double' to 'float', possible loss of data
c:\users\maverick\source\repos\lowlevelprogramming_assignment\raytraceapplication\raytraceapplication\_rendering\rendering.cpp(45): warning C4244: 'initializing': conversion from 'double' to 'float', possible loss of data
c:\users\maverick\source\repos\lowlevelprogramming_assignment\raytraceapplication\raytraceapplication\_rendering\rendering.cpp(84): warning C4244: 'initializing': conversion from 'double' to 'float', possible loss of data
c:\users\maverick\source\repos\lowlevelprogramming_assignment\raytraceapplication\raytraceapplication\_rendering\rendering.cpp(92): warning C4244: 'initializing': conversion from 'double' to 'float', possible loss of data
c:\users\maverick\source\repos\lowlevelprogramming_assignment\raytraceapplication\raytraceapplication\_rendering\rendering.cpp(93): warning C4244: 'initializing': conversion from 'double' to 'float', possible loss of data
c:\users\maverick\source\repos\lowlevelprogramming_assignment\raytraceapplication\raytraceapplication\_rendering\rendering.cpp(115): warning C4018: '<': signed/unsigned mismatch
c:\users\maverick\source\repos\lowlevelprogramming_assignment\raytraceapplication\raytraceapplication\_rendering\rendering.cpp(149): warning C4244: '=': conversion from 'double' to 'float', possible loss of data
c:\users\maverick\source\repos\lowlevelprogramming_assignment\raytraceapplication\raytraceapplication\_rendering\rendering.cpp(176): warning C4018: '<': signed/unsigned mismatch
c:\users\maverick\source\repos\lowlevelprogramming_assignment\raytraceapplication\raytraceapplication\_rendering\rendering.cpp(178): warning C4018: '<': signed/unsigned mismatch
c:\users\maverick\source\repos\lowlevelprogramming_assignment\raytraceapplication\raytraceapplication\_rendering\rendering.cpp(180): warning C4018: '>=': signed/unsigned mismatch
c:\users\maverick\source\repos\lowlevelprogramming_assignment\raytraceapplication\raytraceapplication\_rendering\rendering.cpp(180): warning C4018: '<': signed/unsigned mismatch
c:\users\maverick\source\repos\lowlevelprogramming_assignment\raytraceapplication\raytraceapplication\_rendering\rendering.cpp(182): warning C4244: 'initializing': conversion from 'double' to 'float', possible loss of data
c:\users\maverick\source\repos\lowlevelprogramming_assignment\raytraceapplication\raytraceapplication\_rendering\rendering.cpp(183): warning C4244: 'initializing': conversion from 'double' to 'float', possible loss of data
c:\users\maverick\source\repos\lowlevelprogramming_assignment\raytraceapplication\raytraceapplication\_rendering\rendering.cpp(213): warning C4018: '<': signed/unsigned mismatch
c:\users\maverick\source\repos\lowlevelprogramming_assignment\raytraceapplication\raytraceapplication\_rendering\rendering.cpp(237): warning C4018: '<': signed/unsigned mismatch
c:\users\maverick\source\repos\lowlevelprogramming_assignment\raytraceapplication\raytraceapplication\_rendering\rendering.cpp(239): warning C4018: '<': signed/unsigned mismatch
c:\users\maverick\source\repos\lowlevelprogramming_assignment\raytraceapplication\raytraceapplication\_rendering\rendering.cpp(241): warning C4018: '>=': signed/unsigned mismatch
c:\users\maverick\source\repos\lowlevelprogramming_assignment\raytraceapplication\raytraceapplication\_rendering\rendering.cpp(241): warning C4018: '<': signed/unsigned mismatch
c:\users\maverick\source\repos\lowlevelprogramming_assignment\raytraceapplication\raytraceapplication\_rendering\rendering.cpp(243): warning C4244: 'initializing': conversion from 'double' to 'float', possible loss of data
c:\users\maverick\source\repos\lowlevelprogramming_assignment\raytraceapplication\raytraceapplication\_rendering\rendering.cpp(244): warning C4244: 'initializing': conversion from 'double' to 'float', possible loss of data
  BackendApplication.cpp
  Generating Code...
  RayTraceApplication.vcxproj -> C:\Users\Maverick\Source\Repos\LowLevelProgramming_Assignment\RayTraceApplication\x64\Debug_OX\RayTraceApplication_Debug_OX.exe
  RayTraceApplication.vcxproj -> C:\Users\Maverick\Source\Repos\LowLevelProgramming_Assignment\RayTraceApplication\x64\Debug_OX\RayTraceApplication_Debug_OX.pdb (Full PDB)
