c:\users\maverick\source\repos\lowlevelprogramming_assignment\raytraceapplication\raytraceapplication\release_ox\vc140.pdb
c:\users\maverick\source\repos\lowlevelprogramming_assignment\raytraceapplication\raytraceapplication\release_ox\timermanager.obj
c:\users\maverick\source\repos\lowlevelprogramming_assignment\raytraceapplication\raytraceapplication\release_ox\timerll.obj
c:\users\maverick\source\repos\lowlevelprogramming_assignment\raytraceapplication\raytraceapplication\release_ox\timer.obj
c:\users\maverick\source\repos\lowlevelprogramming_assignment\raytraceapplication\raytraceapplication\release_ox\methodprofiler.obj
c:\users\maverick\source\repos\lowlevelprogramming_assignment\raytraceapplication\raytraceapplication\release_ox\ffmpegutility.obj
c:\users\maverick\source\repos\lowlevelprogramming_assignment\raytraceapplication\raytraceapplication\release_ox\tracing.obj
c:\users\maverick\source\repos\lowlevelprogramming_assignment\raytraceapplication\raytraceapplication\release_ox\rendering.obj
c:\users\maverick\source\repos\lowlevelprogramming_assignment\raytraceapplication\raytraceapplication\release_ox\physics.obj
c:\users\maverick\source\repos\lowlevelprogramming_assignment\raytraceapplication\raytraceapplication\release_ox\octree.obj
c:\users\maverick\source\repos\lowlevelprogramming_assignment\raytraceapplication\raytraceapplication\release_ox\collisions.obj
c:\users\maverick\source\repos\lowlevelprogramming_assignment\raytraceapplication\raytraceapplication\release_ox\boundingsphere.obj
c:\users\maverick\source\repos\lowlevelprogramming_assignment\raytraceapplication\raytraceapplication\release_ox\boundingbox.obj
c:\users\maverick\source\repos\lowlevelprogramming_assignment\raytraceapplication\raytraceapplication\release_ox\sphere.obj
c:\users\maverick\source\repos\lowlevelprogramming_assignment\raytraceapplication\raytraceapplication\release_ox\floor.obj
c:\users\maverick\source\repos\lowlevelprogramming_assignment\raytraceapplication\raytraceapplication\release_ox\memorypoolmanager.obj
c:\users\maverick\source\repos\lowlevelprogramming_assignment\raytraceapplication\raytraceapplication\release_ox\memorypool.obj
c:\users\maverick\source\repos\lowlevelprogramming_assignment\raytraceapplication\raytraceapplication\release_ox\vector3.obj
c:\users\maverick\source\repos\lowlevelprogramming_assignment\raytraceapplication\raytraceapplication\release_ox\backendapplication.obj
c:\users\maverick\source\repos\lowlevelprogramming_assignment\raytraceapplication\raytraceapplication\release_ox\rtaparameters.obj
c:\users\maverick\source\repos\lowlevelprogramming_assignment\raytraceapplication\raytraceapplication\release_ox\main.obj
c:\users\maverick\source\repos\lowlevelprogramming_assignment\raytraceapplication\release_ox\raytraceapplication_release_ox.exe
c:\users\maverick\source\repos\lowlevelprogramming_assignment\raytraceapplication\release_ox\raytraceapplication_release_ox.ipdb
c:\users\maverick\source\repos\lowlevelprogramming_assignment\raytraceapplication\release_ox\raytraceapplication_release_ox.iobj
c:\users\maverick\source\repos\lowlevelprogramming_assignment\raytraceapplication\release_ox\raytraceapplication_release_ox.pdb
c:\users\maverick\source\repos\lowlevelprogramming_assignment\raytraceapplication\raytraceapplication\release_ox\raytrace.9e37afa8.tlog\cl.command.1.tlog
c:\users\maverick\source\repos\lowlevelprogramming_assignment\raytraceapplication\raytraceapplication\release_ox\raytrace.9e37afa8.tlog\cl.read.1.tlog
c:\users\maverick\source\repos\lowlevelprogramming_assignment\raytraceapplication\raytraceapplication\release_ox\raytrace.9e37afa8.tlog\cl.write.1.tlog
c:\users\maverick\source\repos\lowlevelprogramming_assignment\raytraceapplication\raytraceapplication\release_ox\raytrace.9e37afa8.tlog\link.command.1.tlog
c:\users\maverick\source\repos\lowlevelprogramming_assignment\raytraceapplication\raytraceapplication\release_ox\raytrace.9e37afa8.tlog\link.read.1.tlog
c:\users\maverick\source\repos\lowlevelprogramming_assignment\raytraceapplication\raytraceapplication\release_ox\raytrace.9e37afa8.tlog\link.write.1.tlog
