c:\users\maverick\source\repos\lowlevelprogramming_assignment\raytraceapplication\raytraceapplication\release_baseline\vc140.pdb
c:\users\maverick\source\repos\lowlevelprogramming_assignment\raytraceapplication\raytraceapplication\release_baseline\timermanager.obj
c:\users\maverick\source\repos\lowlevelprogramming_assignment\raytraceapplication\raytraceapplication\release_baseline\timerll.obj
c:\users\maverick\source\repos\lowlevelprogramming_assignment\raytraceapplication\raytraceapplication\release_baseline\timer.obj
c:\users\maverick\source\repos\lowlevelprogramming_assignment\raytraceapplication\raytraceapplication\release_baseline\methodprofiler.obj
c:\users\maverick\source\repos\lowlevelprogramming_assignment\raytraceapplication\raytraceapplication\release_baseline\ffmpegutility.obj
c:\users\maverick\source\repos\lowlevelprogramming_assignment\raytraceapplication\raytraceapplication\release_baseline\tracing.obj
c:\users\maverick\source\repos\lowlevelprogramming_assignment\raytraceapplication\raytraceapplication\release_baseline\rendering.obj
c:\users\maverick\source\repos\lowlevelprogramming_assignment\raytraceapplication\raytraceapplication\release_baseline\physics.obj
c:\users\maverick\source\repos\lowlevelprogramming_assignment\raytraceapplication\raytraceapplication\release_baseline\octree.obj
c:\users\maverick\source\repos\lowlevelprogramming_assignment\raytraceapplication\raytraceapplication\release_baseline\collisions.obj
c:\users\maverick\source\repos\lowlevelprogramming_assignment\raytraceapplication\raytraceapplication\release_baseline\boundingsphere.obj
c:\users\maverick\source\repos\lowlevelprogramming_assignment\raytraceapplication\raytraceapplication\release_baseline\boundingbox.obj
c:\users\maverick\source\repos\lowlevelprogramming_assignment\raytraceapplication\raytraceapplication\release_baseline\sphere.obj
c:\users\maverick\source\repos\lowlevelprogramming_assignment\raytraceapplication\raytraceapplication\release_baseline\floor.obj
c:\users\maverick\source\repos\lowlevelprogramming_assignment\raytraceapplication\raytraceapplication\release_baseline\memorypoolmanager.obj
c:\users\maverick\source\repos\lowlevelprogramming_assignment\raytraceapplication\raytraceapplication\release_baseline\memorypool.obj
c:\users\maverick\source\repos\lowlevelprogramming_assignment\raytraceapplication\raytraceapplication\release_baseline\vector3.obj
c:\users\maverick\source\repos\lowlevelprogramming_assignment\raytraceapplication\raytraceapplication\release_baseline\backendapplication.obj
c:\users\maverick\source\repos\lowlevelprogramming_assignment\raytraceapplication\raytraceapplication\release_baseline\rtaparameters.obj
c:\users\maverick\source\repos\lowlevelprogramming_assignment\raytraceapplication\raytraceapplication\release_baseline\main.obj
c:\users\maverick\source\repos\lowlevelprogramming_assignment\raytraceapplication\release_baseline\raytraceapplication_release_baseline.ilk
c:\users\maverick\source\repos\lowlevelprogramming_assignment\raytraceapplication\release_baseline\raytraceapplication_release_baseline.exe
c:\users\maverick\source\repos\lowlevelprogramming_assignment\raytraceapplication\release_baseline\raytraceapplication_release_baseline.pdb
c:\users\maverick\source\repos\lowlevelprogramming_assignment\raytraceapplication\raytraceapplication\release_baseline\raytrace.9e37afa8.tlog\cl.command.1.tlog
c:\users\maverick\source\repos\lowlevelprogramming_assignment\raytraceapplication\raytraceapplication\release_baseline\raytrace.9e37afa8.tlog\cl.read.1.tlog
c:\users\maverick\source\repos\lowlevelprogramming_assignment\raytraceapplication\raytraceapplication\release_baseline\raytrace.9e37afa8.tlog\cl.write.1.tlog
c:\users\maverick\source\repos\lowlevelprogramming_assignment\raytraceapplication\raytraceapplication\release_baseline\raytrace.9e37afa8.tlog\link.command.1.tlog
c:\users\maverick\source\repos\lowlevelprogramming_assignment\raytraceapplication\raytraceapplication\release_baseline\raytrace.9e37afa8.tlog\link.read.1.tlog
c:\users\maverick\source\repos\lowlevelprogramming_assignment\raytraceapplication\raytraceapplication\release_baseline\raytrace.9e37afa8.tlog\link.write.1.tlog
