c:\users\maverick\documents\visual studio 2015\projects\raytraceapplication\raytraceapplication\debug\vc140.pdb
c:\users\maverick\documents\visual studio 2015\projects\raytraceapplication\raytraceapplication\debug\vc140.idb
c:\users\maverick\documents\visual studio 2015\projects\raytraceapplication\raytraceapplication\debug\main.obj
c:\users\maverick\documents\visual studio 2015\projects\raytraceapplication\raytraceapplication\debug\rtaparameters.obj
c:\users\maverick\documents\visual studio 2015\projects\raytraceapplication\raytraceapplication\debug\sequentialapplication.obj
c:\users\maverick\documents\visual studio 2015\projects\raytraceapplication\raytraceapplication\debug\vector3.obj
c:\users\maverick\documents\visual studio 2015\projects\raytraceapplication\raytraceapplication\debug\memorypool.obj
c:\users\maverick\documents\visual studio 2015\projects\raytraceapplication\raytraceapplication\debug\memorypoolmanager.obj
c:\users\maverick\documents\visual studio 2015\projects\raytraceapplication\raytraceapplication\debug\sphere.obj
c:\users\maverick\documents\visual studio 2015\projects\raytraceapplication\raytraceapplication\debug\timer.obj
c:\users\maverick\documents\visual studio 2015\projects\raytraceapplication\raytraceapplication\debug\ffmpegutility.obj
c:\users\maverick\documents\visual studio 2015\projects\raytraceapplication\raytraceapplication\debug\rendering.obj
c:\users\maverick\documents\visual studio 2015\projects\raytraceapplication\raytraceapplication\debug\tracing.obj
c:\users\maverick\documents\visual studio 2015\projects\raytraceapplication\raytraceapplication\debug\sequentialphysicsapp.obj
c:\users\maverick\documents\visual studio 2015\projects\raytraceapplication\raytraceapplication\debug\sequentialstaticapp.obj
c:\users\maverick\documents\visual studio 2015\projects\raytraceapplication\raytraceapplication\debug\collisions.obj
c:\users\maverick\documents\visual studio 2015\projects\raytraceapplication\raytraceapplication\debug\physics.obj
c:\users\maverick\documents\visual studio 2015\projects\raytraceapplication\debug\raytraceapplication.ilk
c:\users\maverick\documents\visual studio 2015\projects\raytraceapplication\debug\raytraceapplication.exe
c:\users\maverick\documents\visual studio 2015\projects\raytraceapplication\debug\raytraceapplication.pdb
c:\users\maverick\documents\visual studio 2015\projects\raytraceapplication\raytraceapplication\debug\raytrace.9e37afa8.tlog\cl.command.1.tlog
c:\users\maverick\documents\visual studio 2015\projects\raytraceapplication\raytraceapplication\debug\raytrace.9e37afa8.tlog\cl.read.1.tlog
c:\users\maverick\documents\visual studio 2015\projects\raytraceapplication\raytraceapplication\debug\raytrace.9e37afa8.tlog\cl.write.1.tlog
c:\users\maverick\documents\visual studio 2015\projects\raytraceapplication\raytraceapplication\debug\raytrace.9e37afa8.tlog\link-cvtres.read.1.tlog
c:\users\maverick\documents\visual studio 2015\projects\raytraceapplication\raytraceapplication\debug\raytrace.9e37afa8.tlog\link-cvtres.write.1.tlog
c:\users\maverick\documents\visual studio 2015\projects\raytraceapplication\raytraceapplication\debug\raytrace.9e37afa8.tlog\link-rc.read.1.tlog
c:\users\maverick\documents\visual studio 2015\projects\raytraceapplication\raytraceapplication\debug\raytrace.9e37afa8.tlog\link-rc.write.1.tlog
c:\users\maverick\documents\visual studio 2015\projects\raytraceapplication\raytraceapplication\debug\raytrace.9e37afa8.tlog\link.command.1.tlog
c:\users\maverick\documents\visual studio 2015\projects\raytraceapplication\raytraceapplication\debug\raytrace.9e37afa8.tlog\link.read.1.tlog
c:\users\maverick\documents\visual studio 2015\projects\raytraceapplication\raytraceapplication\debug\raytrace.9e37afa8.tlog\link.write.1.tlog
