c:\users\maverick\source\repos\lowlevelprogramming_assignment\raytraceapplication\raytraceapplication\x64\debug_o2\vc140.pdb
c:\users\maverick\source\repos\lowlevelprogramming_assignment\raytraceapplication\raytraceapplication\x64\debug_o2\vc140.idb
c:\users\maverick\source\repos\lowlevelprogramming_assignment\raytraceapplication\raytraceapplication\x64\debug_o2\main.obj
c:\users\maverick\source\repos\lowlevelprogramming_assignment\raytraceapplication\raytraceapplication\x64\debug_o2\rtaparameters.obj
c:\users\maverick\source\repos\lowlevelprogramming_assignment\raytraceapplication\raytraceapplication\x64\debug_o2\backendapplication.obj
c:\users\maverick\source\repos\lowlevelprogramming_assignment\raytraceapplication\raytraceapplication\x64\debug_o2\vector3.obj
c:\users\maverick\source\repos\lowlevelprogramming_assignment\raytraceapplication\raytraceapplication\x64\debug_o2\memorypool.obj
c:\users\maverick\source\repos\lowlevelprogramming_assignment\raytraceapplication\raytraceapplication\x64\debug_o2\memorypoolmanager.obj
c:\users\maverick\source\repos\lowlevelprogramming_assignment\raytraceapplication\raytraceapplication\x64\debug_o2\floor.obj
c:\users\maverick\source\repos\lowlevelprogramming_assignment\raytraceapplication\raytraceapplication\x64\debug_o2\sphere.obj
c:\users\maverick\source\repos\lowlevelprogramming_assignment\raytraceapplication\raytraceapplication\x64\debug_o2\boundingbox.obj
c:\users\maverick\source\repos\lowlevelprogramming_assignment\raytraceapplication\raytraceapplication\x64\debug_o2\boundingsphere.obj
c:\users\maverick\source\repos\lowlevelprogramming_assignment\raytraceapplication\raytraceapplication\x64\debug_o2\collisions.obj
c:\users\maverick\source\repos\lowlevelprogramming_assignment\raytraceapplication\raytraceapplication\x64\debug_o2\octree.obj
c:\users\maverick\source\repos\lowlevelprogramming_assignment\raytraceapplication\raytraceapplication\x64\debug_o2\physics.obj
c:\users\maverick\source\repos\lowlevelprogramming_assignment\raytraceapplication\raytraceapplication\x64\debug_o2\rendering.obj
c:\users\maverick\source\repos\lowlevelprogramming_assignment\raytraceapplication\raytraceapplication\x64\debug_o2\tracing.obj
c:\users\maverick\source\repos\lowlevelprogramming_assignment\raytraceapplication\raytraceapplication\x64\debug_o2\ffmpegutility.obj
c:\users\maverick\source\repos\lowlevelprogramming_assignment\raytraceapplication\raytraceapplication\x64\debug_o2\methodprofiler.obj
c:\users\maverick\source\repos\lowlevelprogramming_assignment\raytraceapplication\raytraceapplication\x64\debug_o2\timer.obj
c:\users\maverick\source\repos\lowlevelprogramming_assignment\raytraceapplication\raytraceapplication\x64\debug_o2\timerll.obj
c:\users\maverick\source\repos\lowlevelprogramming_assignment\raytraceapplication\raytraceapplication\x64\debug_o2\timermanager.obj
c:\users\maverick\source\repos\lowlevelprogramming_assignment\raytraceapplication\x64\debug_o2\raytraceapplication_debug_o2.ilk
c:\users\maverick\source\repos\lowlevelprogramming_assignment\raytraceapplication\x64\debug_o2\raytraceapplication_debug_o2.exe
c:\users\maverick\source\repos\lowlevelprogramming_assignment\raytraceapplication\x64\debug_o2\raytraceapplication_debug_o2.pdb
c:\users\maverick\source\repos\lowlevelprogramming_assignment\raytraceapplication\raytraceapplication\x64\debug_o2\raytrace.9e37afa8.tlog\cl.command.1.tlog
c:\users\maverick\source\repos\lowlevelprogramming_assignment\raytraceapplication\raytraceapplication\x64\debug_o2\raytrace.9e37afa8.tlog\cl.read.1.tlog
c:\users\maverick\source\repos\lowlevelprogramming_assignment\raytraceapplication\raytraceapplication\x64\debug_o2\raytrace.9e37afa8.tlog\cl.write.1.tlog
c:\users\maverick\source\repos\lowlevelprogramming_assignment\raytraceapplication\raytraceapplication\x64\debug_o2\raytrace.9e37afa8.tlog\link.command.1.tlog
c:\users\maverick\source\repos\lowlevelprogramming_assignment\raytraceapplication\raytraceapplication\x64\debug_o2\raytrace.9e37afa8.tlog\link.read.1.tlog
c:\users\maverick\source\repos\lowlevelprogramming_assignment\raytraceapplication\raytraceapplication\x64\debug_o2\raytrace.9e37afa8.tlog\link.write.1.tlog
